<?xml version="1.0" encoding="UTF-8"?>
<testsuite name="com.example.JsonPosGeneratorApplicationTests" tests="1" skipped="0" failures="0" errors="0" timestamp="2022-04-05T13:25:31" hostname="nag" time="0.21">
  <properties/>
  <testcase name="contextLoads()" classname="com.example.JsonPosGeneratorApplicationTests" time="0.21"/>
  <system-out><![CDATA[18:53:49.522 [Test worker] DEBUG org.springframework.test.context.BootstrapUtils - Instantiating CacheAwareContextLoaderDelegate from class [org.springframework.test.context.cache.DefaultCacheAwareContextLoaderDelegate]
18:53:49.535 [Test worker] DEBUG org.springframework.test.context.BootstrapUtils - Instantiating BootstrapContext using constructor [public org.springframework.test.context.support.DefaultBootstrapContext(java.lang.Class,org.springframework.test.context.CacheAwareContextLoaderDelegate)]
18:53:49.558 [Test worker] DEBUG org.springframework.test.context.BootstrapUtils - Instantiating TestContextBootstrapper for test class [com.example.JsonPosGeneratorApplicationTests] from class [org.springframework.boot.test.context.SpringBootTestContextBootstrapper]
18:53:49.564 [Test worker] INFO org.springframework.boot.test.context.SpringBootTestContextBootstrapper - Neither @ContextConfiguration nor @ContextHierarchy found for test class [com.example.JsonPosGeneratorApplicationTests], using SpringBootContextLoader
18:53:49.567 [Test worker] DEBUG org.springframework.test.context.support.AbstractContextLoader - Did not detect default resource location for test class [com.example.JsonPosGeneratorApplicationTests]: class path resource [com/example/JsonPosGeneratorApplicationTests-context.xml] does not exist
18:53:49.567 [Test worker] DEBUG org.springframework.test.context.support.AbstractContextLoader - Did not detect default resource location for test class [com.example.JsonPosGeneratorApplicationTests]: class path resource [com/example/JsonPosGeneratorApplicationTestsContext.groovy] does not exist
18:53:49.567 [Test worker] INFO org.springframework.test.context.support.AbstractContextLoader - Could not detect default resource locations for test class [com.example.JsonPosGeneratorApplicationTests]: no resource found for suffixes {-context.xml, Context.groovy}.
18:53:49.568 [Test worker] INFO org.springframework.test.context.support.AnnotationConfigContextLoaderUtils - Could not detect default configuration classes for test class [com.example.JsonPosGeneratorApplicationTests]: JsonPosGeneratorApplicationTests does not declare any static, non-private, non-final, nested classes annotated with @Configuration.
18:53:49.598 [Test worker] DEBUG org.springframework.test.context.support.ActiveProfilesUtils - Could not find an 'annotation declaring class' for annotation type [org.springframework.test.context.ActiveProfiles] and class [com.example.JsonPosGeneratorApplicationTests]
18:53:49.648 [Test worker] DEBUG org.springframework.context.annotation.ClassPathScanningCandidateComponentProvider - Identified candidate component class: file [/home/nag/tech/training/Kafka/kafka-repo/Kafka-programming/kafka-spring-invoice-producer/build/classes/java/main/com/example/JsonPosGeneratorApplication.class]
18:53:49.649 [Test worker] INFO org.springframework.boot.test.context.SpringBootTestContextBootstrapper - Found @SpringBootConfiguration com.example.JsonPosGeneratorApplication for test class com.example.JsonPosGeneratorApplicationTests
18:53:49.706 [Test worker] DEBUG org.springframework.boot.test.context.SpringBootTestContextBootstrapper - @TestExecutionListeners is not present for class [com.example.JsonPosGeneratorApplicationTests]: using defaults.
18:53:49.706 [Test worker] INFO org.springframework.boot.test.context.SpringBootTestContextBootstrapper - Loaded default TestExecutionListener class names from location [META-INF/spring.factories]: [org.springframework.boot.test.autoconfigure.restdocs.RestDocsTestExecutionListener, org.springframework.boot.test.autoconfigure.web.client.MockRestServiceServerResetTestExecutionListener, org.springframework.boot.test.autoconfigure.web.servlet.MockMvcPrintOnlyOnFailureTestExecutionListener, org.springframework.boot.test.autoconfigure.web.servlet.WebDriverTestExecutionListener, org.springframework.boot.test.autoconfigure.webservices.client.MockWebServiceServerTestExecutionListener, org.springframework.boot.test.mock.mockito.MockitoTestExecutionListener, org.springframework.boot.test.mock.mockito.ResetMocksTestExecutionListener, org.springframework.test.context.web.ServletTestExecutionListener, org.springframework.test.context.support.DirtiesContextBeforeModesTestExecutionListener, org.springframework.test.context.support.DependencyInjectionTestExecutionListener, org.springframework.test.context.support.DirtiesContextTestExecutionListener, org.springframework.test.context.transaction.TransactionalTestExecutionListener, org.springframework.test.context.jdbc.SqlScriptsTestExecutionListener, org.springframework.test.context.event.EventPublishingTestExecutionListener]
18:53:49.712 [Test worker] DEBUG org.springframework.boot.test.context.SpringBootTestContextBootstrapper - Skipping candidate TestExecutionListener [org.springframework.test.context.web.ServletTestExecutionListener] due to a missing dependency. Specify custom listener classes or make the default listener classes and their required dependencies available. Offending class: [javax.servlet.ServletContext]
18:53:49.715 [Test worker] INFO org.springframework.boot.test.context.SpringBootTestContextBootstrapper - Using TestExecutionListeners: [org.springframework.test.context.support.DirtiesContextBeforeModesTestExecutionListener@2154435d, org.springframework.boot.test.mock.mockito.MockitoTestExecutionListener@502b04b6, org.springframework.boot.test.autoconfigure.SpringBootDependencyInjectionTestExecutionListener@13b4c553, org.springframework.test.context.support.DirtiesContextTestExecutionListener@3cdf157d, org.springframework.test.context.transaction.TransactionalTestExecutionListener@5de601dc, org.springframework.test.context.jdbc.SqlScriptsTestExecutionListener@7a5f7284, org.springframework.test.context.event.EventPublishingTestExecutionListener@fb9bfde2, org.springframework.boot.test.autoconfigure.restdocs.RestDocsTestExecutionListener@ea86be41, org.springframework.boot.test.autoconfigure.web.client.MockRestServiceServerResetTestExecutionListener@fca3ad1a, org.springframework.boot.test.autoconfigure.web.servlet.MockMvcPrintOnlyOnFailureTestExecutionListener@2661959a, org.springframework.boot.test.autoconfigure.web.servlet.WebDriverTestExecutionListener@e7ca5ea8, org.springframework.boot.test.autoconfigure.webservices.client.MockWebServiceServerTestExecutionListener@22d0f580, org.springframework.boot.test.mock.mockito.ResetMocksTestExecutionListener@71344880]
18:53:49.716 [Test worker] DEBUG org.springframework.test.context.support.AbstractDirtiesContextTestExecutionListener - Before test class: context [DefaultTestContext@db8e7f1d testClass = JsonPosGeneratorApplicationTests, testInstance = [null], testMethod = [null], testException = [null], mergedContextConfiguration = [MergedContextConfiguration@d19b5d2b testClass = JsonPosGeneratorApplicationTests, locations = '{}', classes = '{class com.example.JsonPosGeneratorApplication}', contextInitializerClasses = '[]', activeProfiles = '{}', propertySourceLocations = '{}', propertySourceProperties = '{org.springframework.boot.test.context.SpringBootTestContextBootstrapper=true}', contextCustomizers = set[org.springframework.boot.test.autoconfigure.actuate.metrics.MetricsExportContextCustomizerFactory$DisableMetricExportContextCustomizer@890b2642, org.springframework.boot.test.autoconfigure.properties.PropertyMappingContextCustomizer@0, org.springframework.boot.test.autoconfigure.web.servlet.WebDriverContextCustomizerFactory$Customizer@f4609885, org.springframework.boot.test.context.filter.ExcludeFilterContextCustomizer@54791cf9, org.springframework.boot.test.json.DuplicateJsonObjectContextCustomizerFactory$DuplicateJsonObjectContextCustomizer@2fa54868, org.springframework.boot.test.mock.mockito.MockitoContextCustomizer@0, org.springframework.boot.test.web.client.TestRestTemplateContextCustomizer@ddf6fadc, org.springframework.boot.test.web.reactive.server.WebTestClientContextCustomizer@712f0832, org.springframework.boot.test.context.SpringBootTestArgs@1, org.springframework.boot.test.context.SpringBootTestWebEnvironment@d9b3464], contextLoader = 'org.springframework.boot.test.context.SpringBootContextLoader', parent = [null]], attributes = map[[empty]]], class annotated with @DirtiesContext [false] with mode [null].
18:53:49.724 [Test worker] DEBUG org.springframework.test.context.support.DependencyInjectionTestExecutionListener - Performing dependency injection for test context [[DefaultTestContext@db8e7f1d testClass = JsonPosGeneratorApplicationTests, testInstance = com.example.JsonPosGeneratorApplicationTests@b09bf66c, testMethod = [null], testException = [null], mergedContextConfiguration = [MergedContextConfiguration@d19b5d2b testClass = JsonPosGeneratorApplicationTests, locations = '{}', classes = '{class com.example.JsonPosGeneratorApplication}', contextInitializerClasses = '[]', activeProfiles = '{}', propertySourceLocations = '{}', propertySourceProperties = '{org.springframework.boot.test.context.SpringBootTestContextBootstrapper=true}', contextCustomizers = set[org.springframework.boot.test.autoconfigure.actuate.metrics.MetricsExportContextCustomizerFactory$DisableMetricExportContextCustomizer@890b2642, org.springframework.boot.test.autoconfigure.properties.PropertyMappingContextCustomizer@0, org.springframework.boot.test.autoconfigure.web.servlet.WebDriverContextCustomizerFactory$Customizer@f4609885, org.springframework.boot.test.context.filter.ExcludeFilterContextCustomizer@54791cf9, org.springframework.boot.test.json.DuplicateJsonObjectContextCustomizerFactory$DuplicateJsonObjectContextCustomizer@2fa54868, org.springframework.boot.test.mock.mockito.MockitoContextCustomizer@0, org.springframework.boot.test.web.client.TestRestTemplateContextCustomizer@ddf6fadc, org.springframework.boot.test.web.reactive.server.WebTestClientContextCustomizer@712f0832, org.springframework.boot.test.context.SpringBootTestArgs@1, org.springframework.boot.test.context.SpringBootTestWebEnvironment@d9b3464], contextLoader = 'org.springframework.boot.test.context.SpringBootContextLoader', parent = [null]], attributes = map[[empty]]]].
18:53:49.735 [Test worker] DEBUG org.springframework.test.context.support.TestPropertySourceUtils - Adding inlined properties to environment: {spring.jmx.enabled=false, org.springframework.boot.test.context.SpringBootTestContextBootstrapper=true}

  .   ____          _            __ _ _
 /\\ / ___'_ __ _ _(_)_ __  __ _ \ \ \ \
( ( )\___ | '_ | '_| | '_ \/ _` | \ \ \ \
 \\/  ___)| |_)| | | | | || (_| |  ) ) ) )
  '  |____| .__|_| |_|_| |_\__, | / / / /
 =========|_|==============|___/=/_/_/_/
 :: Spring Boot ::                (v2.4.0)

2022-04-05 18:53:49.903  INFO 157884 --- [    Test worker] c.e.JsonPosGeneratorApplicationTests     : Starting JsonPosGeneratorApplicationTests using Java 11.0.11 on nag with PID 157884 (started by nag in /home/nag/tech/training/Kafka/kafka-repo/Kafka-programming/kafka-spring-invoice-producer)
2022-04-05 18:53:49.905  INFO 157884 --- [    Test worker] c.e.JsonPosGeneratorApplicationTests     : No active profile set, falling back to default profiles: default
2022-04-05 18:53:50.481  INFO 157884 --- [    Test worker] c.e.JsonPosGeneratorApplicationTests     : Started JsonPosGeneratorApplicationTests in 0.744 seconds (JVM running for 1.486)
2022-04-05 18:53:50.484  INFO 157884 --- [    Test worker] c.example.services.KafkaProducerService  : Producing Invoice No: 20473855 Customer Type: PRIME
2022-04-05 18:53:50.494  INFO 157884 --- [    Test worker] o.a.k.clients.producer.ProducerConfig    : ProducerConfig values: 
	acks = 1
	batch.size = 16384
	bootstrap.servers = [localhost:9092]
	buffer.memory = 33554432
	client.dns.lookup = use_all_dns_ips
	client.id = json-pos-simulator-1
	compression.type = none
	connections.max.idle.ms = 540000
	delivery.timeout.ms = 120000
	enable.idempotence = false
	interceptor.classes = []
	internal.auto.downgrade.txn.commit = true
	key.serializer = class org.apache.kafka.common.serialization.StringSerializer
	linger.ms = 0
	max.block.ms = 60000
	max.in.flight.requests.per.connection = 5
	max.request.size = 1048576
	metadata.max.age.ms = 300000
	metadata.max.idle.ms = 300000
	metric.reporters = []
	metrics.num.samples = 2
	metrics.recording.level = INFO
	metrics.sample.window.ms = 30000
	partitioner.class = class org.apache.kafka.clients.producer.internals.DefaultPartitioner
	receive.buffer.bytes = 32768
	reconnect.backoff.max.ms = 1000
	reconnect.backoff.ms = 50
	request.timeout.ms = 30000
	retries = 2147483647
	retry.backoff.ms = 100
	sasl.client.callback.handler.class = null
	sasl.jaas.config = null
	sasl.kerberos.kinit.cmd = /usr/bin/kinit
	sasl.kerberos.min.time.before.relogin = 60000
	sasl.kerberos.service.name = null
	sasl.kerberos.ticket.renew.jitter = 0.05
	sasl.kerberos.ticket.renew.window.factor = 0.8
	sasl.login.callback.handler.class = null
	sasl.login.class = null
	sasl.login.refresh.buffer.seconds = 300
	sasl.login.refresh.min.period.seconds = 60
	sasl.login.refresh.window.factor = 0.8
	sasl.login.refresh.window.jitter = 0.05
	sasl.mechanism = GSSAPI
	security.protocol = PLAINTEXT
	security.providers = null
	send.buffer.bytes = 131072
	ssl.cipher.suites = null
	ssl.enabled.protocols = [TLSv1.2, TLSv1.3]
	ssl.endpoint.identification.algorithm = https
	ssl.engine.factory.class = null
	ssl.key.password = null
	ssl.keymanager.algorithm = SunX509
	ssl.keystore.location = null
	ssl.keystore.password = null
	ssl.keystore.type = JKS
	ssl.protocol = TLSv1.3
	ssl.provider = null
	ssl.secure.random.implementation = null
	ssl.trustmanager.algorithm = PKIX
	ssl.truststore.location = null
	ssl.truststore.password = null
	ssl.truststore.type = JKS
	transaction.timeout.ms = 60000
	transactional.id = null
	value.serializer = class org.springframework.kafka.support.serializer.JsonSerializer

2022-04-05 18:53:50.547  INFO 157884 --- [    Test worker] o.a.kafka.common.utils.AppInfoParser     : Kafka version: 2.6.0
2022-04-05 18:53:50.547  INFO 157884 --- [    Test worker] o.a.kafka.common.utils.AppInfoParser     : Kafka commitId: 62abe01bee039651
2022-04-05 18:53:50.547  INFO 157884 --- [    Test worker] o.a.kafka.common.utils.AppInfoParser     : Kafka startTimeMs: 1649165030546
2022-04-05 18:53:50.696  INFO 157884 --- [pos-simulator-1] org.apache.kafka.clients.Metadata        : [Producer clientId=json-pos-simulator-1] Cluster ID: AJ5xJ3huTmWPAwk0q_hIVg
2022-04-05 18:53:51.725  INFO 157884 --- [    Test worker] c.example.services.KafkaProducerService  : Producing Invoice No: 72355856 Customer Type: NONPRIME
2022-04-05 18:53:52.727  INFO 157884 --- [    Test worker] c.example.services.KafkaProducerService  : Producing Invoice No: 67858338 Customer Type: PRIME
2022-04-05 18:53:53.730  INFO 157884 --- [    Test worker] c.example.services.KafkaProducerService  : Producing Invoice No: 66688860 Customer Type: NONPRIME
2022-04-05 18:53:54.733  INFO 157884 --- [    Test worker] c.example.services.KafkaProducerService  : Producing Invoice No: 28550607 Customer Type: PRIME
2022-04-05 18:53:55.735  INFO 157884 --- [    Test worker] c.example.services.KafkaProducerService  : Producing Invoice No: 46049191 Customer Type: NONPRIME
2022-04-05 18:53:56.738  INFO 157884 --- [    Test worker] c.example.services.KafkaProducerService  : Producing Invoice No: 64583045 Customer Type: PRIME
2022-04-05 18:53:57.741  INFO 157884 --- [    Test worker] c.example.services.KafkaProducerService  : Producing Invoice No: 22489437 Customer Type: PRIME
2022-04-05 18:53:58.749  INFO 157884 --- [    Test worker] c.example.services.KafkaProducerService  : Producing Invoice No: 88562071 Customer Type: PRIME
2022-04-05 18:53:59.753  INFO 157884 --- [    Test worker] c.example.services.KafkaProducerService  : Producing Invoice No: 84472408 Customer Type: NONPRIME
2022-04-05 18:54:00.755  INFO 157884 --- [    Test worker] c.example.services.KafkaProducerService  : Producing Invoice No: 70081649 Customer Type: NONPRIME
2022-04-05 18:54:01.758  INFO 157884 --- [    Test worker] c.example.services.KafkaProducerService  : Producing Invoice No: 62847056 Customer Type: PRIME
2022-04-05 18:54:02.759  INFO 157884 --- [    Test worker] c.example.services.KafkaProducerService  : Producing Invoice No: 52280948 Customer Type: NONPRIME
2022-04-05 18:54:03.762  INFO 157884 --- [    Test worker] c.example.services.KafkaProducerService  : Producing Invoice No: 36526188 Customer Type: NONPRIME
2022-04-05 18:54:04.766  INFO 157884 --- [    Test worker] c.example.services.KafkaProducerService  : Producing Invoice No: 75313667 Customer Type: PRIME
2022-04-05 18:54:05.769  INFO 157884 --- [    Test worker] c.example.services.KafkaProducerService  : Producing Invoice No: 96326274 Customer Type: NONPRIME
2022-04-05 18:54:06.776  INFO 157884 --- [    Test worker] c.example.services.KafkaProducerService  : Producing Invoice No: 47220194 Customer Type: NONPRIME
2022-04-05 18:54:07.779  INFO 157884 --- [    Test worker] c.example.services.KafkaProducerService  : Producing Invoice No: 62880781 Customer Type: PRIME
2022-04-05 18:54:08.782  INFO 157884 --- [    Test worker] c.example.services.KafkaProducerService  : Producing Invoice No: 52254888 Customer Type: NONPRIME
2022-04-05 18:54:09.785  INFO 157884 --- [    Test worker] c.example.services.KafkaProducerService  : Producing Invoice No: 46164557 Customer Type: PRIME
2022-04-05 18:54:10.787  INFO 157884 --- [    Test worker] c.example.services.KafkaProducerService  : Producing Invoice No: 14886152 Customer Type: NONPRIME
2022-04-05 18:54:11.789  INFO 157884 --- [    Test worker] c.example.services.KafkaProducerService  : Producing Invoice No: 96631652 Customer Type: PRIME
2022-04-05 18:54:12.791  INFO 157884 --- [    Test worker] c.example.services.KafkaProducerService  : Producing Invoice No: 63170224 Customer Type: PRIME
2022-04-05 18:54:13.794  INFO 157884 --- [    Test worker] c.example.services.KafkaProducerService  : Producing Invoice No: 75487493 Customer Type: NONPRIME
2022-04-05 18:54:14.797  INFO 157884 --- [    Test worker] c.example.services.KafkaProducerService  : Producing Invoice No: 42274331 Customer Type: NONPRIME
2022-04-05 18:54:15.800  INFO 157884 --- [    Test worker] c.example.services.KafkaProducerService  : Producing Invoice No: 53683379 Customer Type: PRIME
2022-04-05 18:54:16.803  INFO 157884 --- [    Test worker] c.example.services.KafkaProducerService  : Producing Invoice No: 35328480 Customer Type: NONPRIME
2022-04-05 18:54:17.805  INFO 157884 --- [    Test worker] c.example.services.KafkaProducerService  : Producing Invoice No: 44099050 Customer Type: PRIME
2022-04-05 18:54:18.808  INFO 157884 --- [    Test worker] c.example.services.KafkaProducerService  : Producing Invoice No: 40301250 Customer Type: PRIME
2022-04-05 18:54:19.810  INFO 157884 --- [    Test worker] c.example.services.KafkaProducerService  : Producing Invoice No: 25515496 Customer Type: PRIME
2022-04-05 18:54:20.814  INFO 157884 --- [    Test worker] c.example.services.KafkaProducerService  : Producing Invoice No: 21036629 Customer Type: NONPRIME
2022-04-05 18:54:21.815  INFO 157884 --- [    Test worker] c.example.services.KafkaProducerService  : Producing Invoice No: 55719283 Customer Type: PRIME
2022-04-05 18:54:22.819  INFO 157884 --- [    Test worker] c.example.services.KafkaProducerService  : Producing Invoice No: 37940718 Customer Type: NONPRIME
2022-04-05 18:54:23.826  INFO 157884 --- [    Test worker] c.example.services.KafkaProducerService  : Producing Invoice No: 4061568 Customer Type: PRIME
2022-04-05 18:54:24.829  INFO 157884 --- [    Test worker] c.example.services.KafkaProducerService  : Producing Invoice No: 74396795 Customer Type: NONPRIME
2022-04-05 18:54:25.832  INFO 157884 --- [    Test worker] c.example.services.KafkaProducerService  : Producing Invoice No: 33540459 Customer Type: NONPRIME
2022-04-05 18:54:26.835  INFO 157884 --- [    Test worker] c.example.services.KafkaProducerService  : Producing Invoice No: 10459502 Customer Type: NONPRIME
2022-04-05 18:54:27.838  INFO 157884 --- [    Test worker] c.example.services.KafkaProducerService  : Producing Invoice No: 36619579 Customer Type: PRIME
2022-04-05 18:54:28.841  INFO 157884 --- [    Test worker] c.example.services.KafkaProducerService  : Producing Invoice No: 86162675 Customer Type: NONPRIME
2022-04-05 18:54:29.844  INFO 157884 --- [    Test worker] c.example.services.KafkaProducerService  : Producing Invoice No: 21505788 Customer Type: PRIME
2022-04-05 18:54:30.846  INFO 157884 --- [    Test worker] c.example.services.KafkaProducerService  : Producing Invoice No: 16284806 Customer Type: PRIME
2022-04-05 18:54:31.849  INFO 157884 --- [    Test worker] c.example.services.KafkaProducerService  : Producing Invoice No: 5528386 Customer Type: NONPRIME
2022-04-05 18:54:32.851  INFO 157884 --- [    Test worker] c.example.services.KafkaProducerService  : Producing Invoice No: 5792873 Customer Type: NONPRIME
2022-04-05 18:54:33.853  INFO 157884 --- [    Test worker] c.example.services.KafkaProducerService  : Producing Invoice No: 5044284 Customer Type: NONPRIME
2022-04-05 18:54:34.856  INFO 157884 --- [    Test worker] c.example.services.KafkaProducerService  : Producing Invoice No: 8400574 Customer Type: NONPRIME
2022-04-05 18:54:35.859  INFO 157884 --- [    Test worker] c.example.services.KafkaProducerService  : Producing Invoice No: 80162749 Customer Type: PRIME
2022-04-05 18:54:36.861  INFO 157884 --- [    Test worker] c.example.services.KafkaProducerService  : Producing Invoice No: 21331812 Customer Type: NONPRIME
2022-04-05 18:54:37.863  INFO 157884 --- [    Test worker] c.example.services.KafkaProducerService  : Producing Invoice No: 62738469 Customer Type: NONPRIME
2022-04-05 18:54:38.866  INFO 157884 --- [    Test worker] c.example.services.KafkaProducerService  : Producing Invoice No: 68863457 Customer Type: PRIME
2022-04-05 18:54:39.868  INFO 157884 --- [    Test worker] c.example.services.KafkaProducerService  : Producing Invoice No: 77220339 Customer Type: PRIME
2022-04-05 18:54:40.871  INFO 157884 --- [    Test worker] c.example.services.KafkaProducerService  : Producing Invoice No: 67699873 Customer Type: PRIME
2022-04-05 18:54:41.873  INFO 157884 --- [    Test worker] c.example.services.KafkaProducerService  : Producing Invoice No: 69430682 Customer Type: NONPRIME
2022-04-05 18:54:42.876  INFO 157884 --- [    Test worker] c.example.services.KafkaProducerService  : Producing Invoice No: 59191108 Customer Type: NONPRIME
2022-04-05 18:54:43.878  INFO 157884 --- [    Test worker] c.example.services.KafkaProducerService  : Producing Invoice No: 72958138 Customer Type: PRIME
2022-04-05 18:54:44.880  INFO 157884 --- [    Test worker] c.example.services.KafkaProducerService  : Producing Invoice No: 22851481 Customer Type: NONPRIME
2022-04-05 18:54:45.882  INFO 157884 --- [    Test worker] c.example.services.KafkaProducerService  : Producing Invoice No: 64896731 Customer Type: PRIME
2022-04-05 18:54:46.885  INFO 157884 --- [    Test worker] c.example.services.KafkaProducerService  : Producing Invoice No: 40978459 Customer Type: NONPRIME
2022-04-05 18:54:47.887  INFO 157884 --- [    Test worker] c.example.services.KafkaProducerService  : Producing Invoice No: 41172551 Customer Type: NONPRIME
2022-04-05 18:54:48.890  INFO 157884 --- [    Test worker] c.example.services.KafkaProducerService  : Producing Invoice No: 23437651 Customer Type: PRIME
2022-04-05 18:54:49.892  INFO 157884 --- [    Test worker] c.example.services.KafkaProducerService  : Producing Invoice No: 32338413 Customer Type: NONPRIME
2022-04-05 18:54:50.893  INFO 157884 --- [    Test worker] c.example.services.KafkaProducerService  : Producing Invoice No: 29220459 Customer Type: NONPRIME
2022-04-05 18:54:51.896  INFO 157884 --- [    Test worker] c.example.services.KafkaProducerService  : Producing Invoice No: 7739407 Customer Type: NONPRIME
2022-04-05 18:54:52.898  INFO 157884 --- [    Test worker] c.example.services.KafkaProducerService  : Producing Invoice No: 60894326 Customer Type: NONPRIME
2022-04-05 18:54:53.901  INFO 157884 --- [    Test worker] c.example.services.KafkaProducerService  : Producing Invoice No: 20325867 Customer Type: NONPRIME
2022-04-05 18:54:54.904  INFO 157884 --- [    Test worker] c.example.services.KafkaProducerService  : Producing Invoice No: 99781207 Customer Type: PRIME
2022-04-05 18:54:55.907  INFO 157884 --- [    Test worker] c.example.services.KafkaProducerService  : Producing Invoice No: 87840875 Customer Type: NONPRIME
2022-04-05 18:54:56.910  INFO 157884 --- [    Test worker] c.example.services.KafkaProducerService  : Producing Invoice No: 83787192 Customer Type: NONPRIME
2022-04-05 18:54:57.912  INFO 157884 --- [    Test worker] c.example.services.KafkaProducerService  : Producing Invoice No: 32776705 Customer Type: NONPRIME
2022-04-05 18:54:58.914  INFO 157884 --- [    Test worker] c.example.services.KafkaProducerService  : Producing Invoice No: 99774125 Customer Type: NONPRIME
2022-04-05 18:54:59.916  INFO 157884 --- [    Test worker] c.example.services.KafkaProducerService  : Producing Invoice No: 6527485 Customer Type: PRIME
2022-04-05 18:55:00.919  INFO 157884 --- [    Test worker] c.example.services.KafkaProducerService  : Producing Invoice No: 98515842 Customer Type: NONPRIME
2022-04-05 18:55:01.921  INFO 157884 --- [    Test worker] c.example.services.KafkaProducerService  : Producing Invoice No: 36625684 Customer Type: PRIME
2022-04-05 18:55:02.923  INFO 157884 --- [    Test worker] c.example.services.KafkaProducerService  : Producing Invoice No: 65667040 Customer Type: NONPRIME
2022-04-05 18:55:03.925  INFO 157884 --- [    Test worker] c.example.services.KafkaProducerService  : Producing Invoice No: 77049597 Customer Type: NONPRIME
2022-04-05 18:55:04.927  INFO 157884 --- [    Test worker] c.example.services.KafkaProducerService  : Producing Invoice No: 68297484 Customer Type: NONPRIME
2022-04-05 18:55:05.930  INFO 157884 --- [    Test worker] c.example.services.KafkaProducerService  : Producing Invoice No: 90549133 Customer Type: PRIME
2022-04-05 18:55:06.932  INFO 157884 --- [    Test worker] c.example.services.KafkaProducerService  : Producing Invoice No: 14109139 Customer Type: NONPRIME
2022-04-05 18:55:07.935  INFO 157884 --- [    Test worker] c.example.services.KafkaProducerService  : Producing Invoice No: 46957990 Customer Type: NONPRIME
2022-04-05 18:55:08.938  INFO 157884 --- [    Test worker] c.example.services.KafkaProducerService  : Producing Invoice No: 38948749 Customer Type: NONPRIME
2022-04-05 18:55:09.941  INFO 157884 --- [    Test worker] c.example.services.KafkaProducerService  : Producing Invoice No: 77094780 Customer Type: NONPRIME
2022-04-05 18:55:10.944  INFO 157884 --- [    Test worker] c.example.services.KafkaProducerService  : Producing Invoice No: 82518704 Customer Type: PRIME
2022-04-05 18:55:11.945  INFO 157884 --- [    Test worker] c.example.services.KafkaProducerService  : Producing Invoice No: 66879169 Customer Type: PRIME
2022-04-05 18:55:12.946  INFO 157884 --- [    Test worker] c.example.services.KafkaProducerService  : Producing Invoice No: 8157124 Customer Type: NONPRIME
2022-04-05 18:55:13.948  INFO 157884 --- [    Test worker] c.example.services.KafkaProducerService  : Producing Invoice No: 22627270 Customer Type: NONPRIME
2022-04-05 18:55:14.950  INFO 157884 --- [    Test worker] c.example.services.KafkaProducerService  : Producing Invoice No: 25968970 Customer Type: PRIME
2022-04-05 18:55:15.953  INFO 157884 --- [    Test worker] c.example.services.KafkaProducerService  : Producing Invoice No: 29910236 Customer Type: PRIME
2022-04-05 18:55:16.955  INFO 157884 --- [    Test worker] c.example.services.KafkaProducerService  : Producing Invoice No: 23651084 Customer Type: PRIME
2022-04-05 18:55:17.957  INFO 157884 --- [    Test worker] c.example.services.KafkaProducerService  : Producing Invoice No: 18697106 Customer Type: PRIME
2022-04-05 18:55:18.959  INFO 157884 --- [    Test worker] c.example.services.KafkaProducerService  : Producing Invoice No: 29833562 Customer Type: PRIME
2022-04-05 18:55:19.961  INFO 157884 --- [    Test worker] c.example.services.KafkaProducerService  : Producing Invoice No: 13595216 Customer Type: NONPRIME
2022-04-05 18:55:20.964  INFO 157884 --- [    Test worker] c.example.services.KafkaProducerService  : Producing Invoice No: 16267058 Customer Type: PRIME
2022-04-05 18:55:21.966  INFO 157884 --- [    Test worker] c.example.services.KafkaProducerService  : Producing Invoice No: 58288754 Customer Type: NONPRIME
2022-04-05 18:55:22.967  INFO 157884 --- [    Test worker] c.example.services.KafkaProducerService  : Producing Invoice No: 32917990 Customer Type: NONPRIME
2022-04-05 18:55:23.970  INFO 157884 --- [    Test worker] c.example.services.KafkaProducerService  : Producing Invoice No: 61362174 Customer Type: PRIME
2022-04-05 18:55:24.972  INFO 157884 --- [    Test worker] c.example.services.KafkaProducerService  : Producing Invoice No: 98150129 Customer Type: NONPRIME
2022-04-05 18:55:25.975  INFO 157884 --- [    Test worker] c.example.services.KafkaProducerService  : Producing Invoice No: 65525633 Customer Type: NONPRIME
2022-04-05 18:55:26.978  INFO 157884 --- [    Test worker] c.example.services.KafkaProducerService  : Producing Invoice No: 10161855 Customer Type: PRIME
2022-04-05 18:55:27.980  INFO 157884 --- [    Test worker] c.example.services.KafkaProducerService  : Producing Invoice No: 11665940 Customer Type: PRIME
2022-04-05 18:55:28.982  INFO 157884 --- [    Test worker] c.example.services.KafkaProducerService  : Producing Invoice No: 92952436 Customer Type: NONPRIME
2022-04-05 18:55:29.984  INFO 157884 --- [    Test worker] c.example.services.KafkaProducerService  : Producing Invoice No: 71254818 Customer Type: PRIME
]]></system-out>
  <system-err><![CDATA[]]></system-err>
</testsuite>
